[INFO ] 2025-11-13 21:58:01.773 [main] BaseTest - File Loaded Successfully
[INFO ] 2025-11-13 21:58:02.788 [main] BaseTest - Chrome Driver Setup
[INFO ] 2025-11-13 21:58:03.107 [main] BaseTest - Application of https://demo.nopcommerce.com/ launched successfully
[INFO ] 2025-11-13 21:58:31.267 [main] BaseTest - File Loaded Successfully
[INFO ] 2025-11-13 21:58:32.329 [main] BaseTest - Chrome Driver Setup
[INFO ] 2025-11-13 21:58:32.951 [main] BaseTest - Application of https://demo.nopcommerce.com/ launched successfully
[INFO ] 2025-11-13 21:58:38.508 [main] BaseTest - Total 0 Found
[INFO ] 2025-11-13 21:58:38.509 [main] BaseTest - []
[INFO ] 2025-11-13 21:58:38.509 [main] BaseTest - []
[INFO ] 2025-11-13 21:58:38.509 [main] BaseTest - Min price is 0
[INFO ] 2025-11-13 21:58:38.518 [main] BaseTest - Max price is 0
[INFO ] 2025-11-13 22:03:45.466 [main] BaseTest - File Loaded Successfully
[INFO ] 2025-11-13 22:03:46.592 [main] BaseTest - Chrome Driver Setup
[INFO ] 2025-11-13 22:03:47.699 [main] BaseTest - Application of https://demo.nopcommerce.com/ launched successfully
[INFO ] 2025-11-13 22:03:53.481 [main] BaseTest - Total 0 Found
[INFO ] 2025-11-13 22:03:53.482 [main] BaseTest - []
[INFO ] 2025-11-13 22:03:53.483 [main] BaseTest - []
[INFO ] 2025-11-13 22:03:53.483 [main] BaseTest - Min price is 0
[INFO ] 2025-11-13 22:03:53.483 [main] BaseTest - Max price is 0
[INFO ] 2025-11-13 22:05:01.132 [main] BaseTest - File Loaded Successfully
[INFO ] 2025-11-13 22:05:02.287 [main] BaseTest - Chrome Driver Setup
[INFO ] 2025-11-13 22:05:03.193 [main] BaseTest - Application of https://demo.nopcommerce.com/ launched successfully
[INFO ] 2025-11-13 22:05:03.337 [main] BaseTest - 7 No of options present
[INFO ] 2025-11-13 22:05:03.350 [main] BaseTest - 3 Dropdown found 
[INFO ] 2025-11-13 22:05:03.363 [main] BaseTest - Computers
[INFO ] 2025-11-13 22:05:03.372 [main] BaseTest - Electronics
[INFO ] 2025-11-13 22:05:03.379 [main] BaseTest - Apparel
[INFO ] 2025-11-13 22:05:03.390 [main] BaseTest - 4 No of Direct Option Present 
[INFO ] 2025-11-13 22:05:03.397 [main] BaseTest - Digital downloads
[INFO ] 2025-11-13 22:05:03.405 [main] BaseTest - Books
[INFO ] 2025-11-13 22:05:03.414 [main] BaseTest - Jewelry
[INFO ] 2025-11-13 22:05:03.423 [main] BaseTest - Gift Cards
[INFO ] 2025-11-13 22:05:15.923 [main] BaseTest - File Loaded Successfully
[INFO ] 2025-11-13 22:05:17.024 [main] BaseTest - Chrome Driver Setup
[INFO ] 2025-11-13 22:05:18.177 [main] BaseTest - Application of https://demo.nopcommerce.com/ launched successfully
[INFO ] 2025-11-13 22:05:18.217 [main] BaseTest - Waiting for Element By.xpath: //a[text()='Gift Cards']
[INFO ] 2025-11-13 22:05:18.333 [main] BaseTest - Wait Completed for Element By.xpath: //a[text()='Gift Cards']
[INFO ] 2025-11-13 22:05:24.051 [main] BaseTest - Total 0 Found
[INFO ] 2025-11-13 22:05:24.052 [main] BaseTest - []
[INFO ] 2025-11-13 22:05:24.052 [main] BaseTest - []
[INFO ] 2025-11-13 22:05:24.052 [main] BaseTest - Min price is 0
[INFO ] 2025-11-13 22:05:24.052 [main] BaseTest - Max price is 0
[INFO ] 2025-11-13 22:05:59.868 [main] BaseTest - File Loaded Successfully
[INFO ] 2025-11-13 22:05:59.937 [main] BaseTest - File Loaded Successfully
[INFO ] 2025-11-13 22:06:01.093 [main] BaseTest - Chrome Driver Setup
[INFO ] 2025-11-13 22:06:01.240 [main] BaseTest - Chrome Driver Setup
[INFO ] 2025-11-13 22:06:02.075 [main] BaseTest - Application of https://demo.nopcommerce.com/ launched successfully
[INFO ] 2025-11-13 22:06:02.126 [main] BaseTest - Application of https://demo.nopcommerce.com/ launched successfully
[INFO ] 2025-11-13 22:06:02.131 [main] BaseTest - Waiting for Element By.xpath: //a[text()='Gift Cards']
[INFO ] 2025-11-13 22:06:02.178 [main] BaseTest - Waiting for Element By.xpath: //a[text()='Gift Cards']
[INFO ] 2025-11-13 22:06:02.337 [main] BaseTest - Wait Completed for Element By.xpath: //a[text()='Gift Cards']
[INFO ] 2025-11-13 22:06:02.383 [main] BaseTest - Wait Completed for Element By.xpath: //a[text()='Gift Cards']
[INFO ] 2025-11-13 22:06:07.721 [main] BaseTest - Total 0 Found
[INFO ] 2025-11-13 22:06:07.722 [main] BaseTest - []
[INFO ] 2025-11-13 22:06:07.722 [main] BaseTest - []
[INFO ] 2025-11-13 22:06:07.722 [main] BaseTest - Min price is 0
[INFO ] 2025-11-13 22:06:07.722 [main] BaseTest - Max price is 0
[INFO ] 2025-11-13 22:06:07.868 [main] BaseTest - Total 0 Found
[INFO ] 2025-11-13 22:06:07.869 [main] BaseTest - []
[INFO ] 2025-11-13 22:06:07.869 [main] BaseTest - []
[INFO ] 2025-11-13 22:06:07.869 [main] BaseTest - Min price is 0
[INFO ] 2025-11-13 22:06:07.869 [main] BaseTest - Max price is 0
[INFO ] 2025-11-13 22:06:12.736 [main] BaseTest - 0 No of options present
[INFO ] 2025-11-13 22:06:20.131 [main] BaseTest - File Loaded Successfully
[INFO ] 2025-11-13 22:06:21.257 [main] BaseTest - Chrome Driver Setup
[INFO ] 2025-11-13 22:06:21.974 [main] BaseTest - Application of https://demo.nopcommerce.com/ launched successfully
[INFO ] 2025-11-13 22:06:22.012 [main] BaseTest - Waiting for Element By.xpath: //a[text()='Gift Cards']
[INFO ] 2025-11-13 22:06:22.161 [main] BaseTest - Wait Completed for Element By.xpath: //a[text()='Gift Cards']
[INFO ] 2025-11-13 22:06:27.521 [main] BaseTest - Total 0 Found
[INFO ] 2025-11-13 22:06:27.522 [main] BaseTest - []
[INFO ] 2025-11-13 22:06:27.522 [main] BaseTest - []
[INFO ] 2025-11-13 22:06:27.522 [main] BaseTest - Min price is 0
[INFO ] 2025-11-13 22:06:27.522 [main] BaseTest - Max price is 0
[INFO ] 2025-11-13 22:07:55.075 [main] BaseTest - File Loaded Successfully
[INFO ] 2025-11-13 22:07:56.153 [main] BaseTest - Chrome Driver Setup
[INFO ] 2025-11-13 22:07:57.111 [main] BaseTest - Application of https://demo.nopcommerce.com/ launched successfully
[INFO ] 2025-11-13 22:08:07.148 [main] BaseTest - Waiting for Element By.xpath: //a[text()='Gift Cards']
[INFO ] 2025-11-13 22:08:07.176 [main] BaseTest - Wait Completed for Element By.xpath: //a[text()='Gift Cards']
[INFO ] 2025-11-13 22:08:12.424 [main] BaseTest - Total 0 Found
[INFO ] 2025-11-13 22:08:12.424 [main] BaseTest - []
[INFO ] 2025-11-13 22:08:12.424 [main] BaseTest - []
[INFO ] 2025-11-13 22:08:12.424 [main] BaseTest - Min price is 0
[INFO ] 2025-11-13 22:08:12.424 [main] BaseTest - Max price is 0
[INFO ] 2025-11-13 22:09:00.940 [main] BaseTest - File Loaded Successfully
[INFO ] 2025-11-13 22:09:02.063 [main] BaseTest - Chrome Driver Setup
[INFO ] 2025-11-13 22:09:02.990 [main] BaseTest - Application of https://demo.nopcommerce.com/ launched successfully
[INFO ] 2025-11-13 22:09:03.030 [main] BaseTest - Waiting for Element By.xpath: //a[text()='Gift Cards']
[INFO ] 2025-11-13 22:09:03.124 [main] BaseTest - Wait Completed for Element By.xpath: //a[text()='Gift Cards']
[INFO ] 2025-11-13 22:47:10.811 [main] BaseTest - File Loaded Successfully
[INFO ] 2025-11-13 22:47:12.606 [main] BaseTest - Chrome Driver Setup
[INFO ] 2025-11-13 22:47:14.667 [main] BaseTest - Application of https://demo.nopcommerce.com/ launched successfully
[INFO ] 2025-11-13 22:47:14.708 [main] BaseTest - Waiting for Element By.xpath: //a[text()='Gift Cards']
[INFO ] 2025-11-13 22:47:14.869 [main] BaseTest - Wait Completed for Element By.xpath: //a[text()='Gift Cards']
[INFO ] 2025-11-13 22:47:20.295 [main] BaseTest - Total 0 Found
[INFO ] 2025-11-13 22:47:20.296 [main] BaseTest - []
[INFO ] 2025-11-13 22:47:20.296 [main] BaseTest - []
[INFO ] 2025-11-13 22:47:20.296 [main] BaseTest - Min price is 0
[INFO ] 2025-11-13 22:47:20.296 [main] BaseTest - Max price is 0
